\BOOKMARK [1][-]{section.1}{\376\377\000W\000h\000a\000t\000\040\000i\000s\000\040\000S\000o\000f\000t\000w\000a\000r\000e\000\040\000A\000r\000c\000h\000i\000t\000e\000c\000t\000u\000r\000a\000l\000\040\000D\000e\000s\000i\000g\000n\000,\000\040\000a\000n\000d\000\040\000w\000h\000y\000\040\000i\000s\000\040\000i\000t\000\040\000i\000m\000p\000o\000r\000t\000a\000n\000t\000?}{}% 1
\BOOKMARK [1][-]{section.2}{\376\377\000P\000r\000o\000v\000i\000d\000e\000\040\000t\000h\000e\000\040\000m\000a\000i\000n\000\040\000c\000h\000a\000r\000a\000c\000t\000e\000r\000i\000s\000t\000i\000c\000s\000\040\000o\000f\000,\000\040\000a\000n\000d\000\040\000f\000i\000n\000d\000\040\000a\000n\000\040\000e\000x\000a\000m\000p\000l\000e\000\040\000f\000o\000r\000,\000\040\000e\000a\000c\000h\000\040\000t\000y\000p\000e\000\040\000o\000f\000\040\000s\000y\000s\000t\000e\000m\000:}{}% 2
\BOOKMARK [2][-]{subsection.2.1}{\376\377\000I\000n\000t\000e\000r\000a\000c\000t\000i\000v\000e\000\040\000s\000y\000s\000t\000e\000m}{section.2}% 3
\BOOKMARK [2][-]{subsection.2.2}{\376\377\000E\000v\000e\000n\000t\000-\000D\000r\000i\000v\000e\000n\000\040\000s\000y\000s\000t\000e\000m}{section.2}% 4
\BOOKMARK [2][-]{subsection.2.3}{\376\377\000T\000r\000a\000n\000s\000f\000o\000r\000m\000a\000t\000i\000o\000n\000a\000l\000\040\000s\000y\000s\000t\000e\000m}{section.2}% 5
\BOOKMARK [2][-]{subsection.2.4}{\376\377\000O\000b\000j\000e\000c\000t\000-\000P\000e\000r\000s\000i\000s\000t\000e\000n\000c\000e\000/\000D\000a\000t\000a\000b\000a\000s\000e\000\040\000s\000y\000s\000t\000e\000m}{section.2}% 6
\BOOKMARK [1][-]{section.3}{\376\377\000W\000h\000y\000\040\000p\000e\000r\000f\000o\000r\000m\000\040\000C\000u\000s\000t\000o\000m\000\040\000A\000r\000c\000h\000i\000t\000e\000c\000t\000u\000r\000a\000l\000\040\000D\000e\000s\000i\000g\000n}{}% 7
\BOOKMARK [1][-]{section.4}{\376\377\000W\000h\000a\000t\000\040\000i\000s\000\040\000a\000\040\000p\000a\000c\000k\000a\000g\000e\000\040\000d\000i\000a\000g\000r\000a\000m}{}% 8
\BOOKMARK [1][-]{section.5}{\376\377\000W\000h\000a\000t\000\040\000a\000r\000e\000\040\000s\000o\000f\000t\000w\000a\000r\000e\000\040\000d\000e\000s\000i\000g\000n\000\040\000p\000r\000i\000n\000c\000p\000l\000e\000s\000?\000\040\000E\000x\000p\000l\000a\000i\000n\000\040\000e\000a\000c\000h\000\040\000b\000r\000i\000e\000f\000l\000y\000.\000\040\0001\000\040\0002\000\040\0003\000\040}{}% 9
\BOOKMARK [2][-]{subsection.5.1}{\376\377\000S\000i\000n\000g\000l\000e\000\040\000R\000e\000s\000p\000o\000n\000s\000i\000b\000i\000l\000i\000t\000y\000\040\000\050\000S\000R\000P\000\051}{section.5}% 10
\BOOKMARK [2][-]{subsection.5.2}{\376\377\000O\000p\000e\000n\000-\000C\000l\000o\000s\000e\000d\000\040\000\050\000O\000C\000P\000\051}{section.5}% 11
\BOOKMARK [2][-]{subsection.5.3}{\376\377\000L\000i\000s\000k\000o\000v\000\040\000S\000u\000b\000s\000t\000i\000t\000u\000t\000i\000o\000n\000\040\000\050\000L\000S\000P\000\051}{section.5}% 12
\BOOKMARK [2][-]{subsection.5.4}{\376\377\000I\000n\000t\000e\000r\000f\000a\000c\000e\000\040\000S\000e\000g\000r\000e\000g\000a\000t\000i\000o\000n\000\040\000\050\000I\000S\000P\000\051}{section.5}% 13
\BOOKMARK [2][-]{subsection.5.5}{\376\377\000D\000e\000p\000e\000n\000d\000e\000n\000c\000y\000\040\000I\000n\000v\000e\000r\000s\000i\000o\000n\000\040\000\050\000D\000I\000P\000\051}{section.5}% 14
\BOOKMARK [2][-]{subsection.5.6}{\376\377\000D\000o\000n\000'\000t\000\040\000R\000e\000p\000e\000a\000t\000\040\000Y\000o\000u\000r\000s\000e\000l\000f\000\040\000\050\000D\000R\000Y\000\051}{section.5}% 15
\BOOKMARK [2][-]{subsection.5.7}{\376\377\000K\000e\000e\000p\000\040\000I\000t\000\040\000S\000i\000m\000p\000l\000e\000,\000\040\000S\000t\000u\000p\000i\000d\000\040\000\050\000K\000I\000S\000S\000\051}{section.5}% 16
\BOOKMARK [2][-]{subsection.5.8}{\376\377\000Y\000o\000u\000\040\000A\000r\000e\000n\000'\000t\000\040\000G\000o\000i\000n\000g\000\040\000T\000o\000\040\000N\000e\000e\000d\000\040\000I\000t\000\040\000\050\000Y\000A\000G\000N\000I\000\051}{section.5}% 17
\BOOKMARK [2][-]{subsection.5.9}{\376\377\000C\000o\000m\000p\000o\000s\000i\000t\000i\000o\000n\000\040\000O\000v\000e\000r\000\040\000I\000n\000h\000e\000r\000i\000t\000a\000n\000c\000e}{section.5}% 18
\BOOKMARK [1][-]{section.6}{\376\377\000W\000h\000i\000c\000h\000\040\000a\000g\000i\000l\000e\000\040\000p\000r\000i\000n\000c\000i\000p\000l\000e\000s\000\040\000s\000h\000o\000u\000l\000d\000\040\000b\000e\000\040\000a\000p\000p\000l\000i\000e\000d\000\040\000d\000u\000r\000i\000n\000g\000\040\000A\000r\000c\000h\000i\000t\000e\000c\000t\000u\000r\000a\000l\000\040\000D\000e\000s\000i\000g\000n\000?}{}% 19
\BOOKMARK [1][-]{section.7}{\376\377\000W\000h\000a\000t\000\040\000i\000s\000\040\000a\000\040\000M\000V\000C\000\040\000p\000a\000t\000t\000e\000r\000n\000?}{}% 20
